<?xml version="1.0" encoding="UTF-8"?>
<!-- Generated by org.testng.reporters.JUnitReportReporter -->
<testsuite hostname="Mukesh" failures="0" tests="2" name="com.strivemammoth.testcases.CashRegisterPage_TestCase" time="92.252" errors="0" timestamp="2023-01-23T21:41:37 IST" skipped="0">
  <testcase classname="com.strivemammoth.testcases.CashRegisterPage_TestCase" name="GoToCashRegOpen" time="40.894"/>
  <system-out/>
  <testcase classname="com.strivemammoth.testcases.CashRegisterPage_TestCase" name="GoToCashRegClose" time="51.358"/>
  <system-out/>
</testsuite> <!-- com.strivemammoth.testcases.CashRegisterPage_TestCase -->
