<?xml version="1.0" encoding="UTF-8"?>
<!-- Generated by org.testng.reporters.JUnitReportReporter -->
<testsuite hostname="Mukesh" failures="0" tests="2" name="com.strivemammoth.testcases.CashRegisterPage_TestCase" time="85.764" errors="0" timestamp="2023-01-05T11:43:25 IST" skipped="0">
  <testcase classname="com.strivemammoth.testcases.CashRegisterPage_TestCase" name="GoToCashRegOpen" time="44.261"/>
  <system-out/>
  <testcase classname="com.strivemammoth.testcases.CashRegisterPage_TestCase" name="GoToCashRegClose" time="41.503"/>
  <system-out/>
</testsuite> <!-- com.strivemammoth.testcases.CashRegisterPage_TestCase -->
