<?xml version="1.0" encoding="UTF-8"?>
<!-- Generated by org.testng.reporters.JUnitReportReporter -->
<testsuite hostname="Mukesh" failures="0" tests="1" name="com.strivemammoth.testcases.LoginPage_Testcase" time="31.014" errors="0" timestamp="2023-01-26T13:44:38 IST" skipped="0">
  <testcase classname="com.strivemammoth.testcases.LoginPage_Testcase" name="Login" time="31.014"/>
  <system-out/>
</testsuite> <!-- com.strivemammoth.testcases.LoginPage_Testcase -->
