<?xml version="1.0" encoding="UTF-8"?>
<!-- Generated by org.testng.reporters.JUnitReportReporter -->
<testsuite hostname="Mukesh" failures="0" tests="1" name="com.strivemammoth.testcases.LoginPage_Testcase" time="49.217" errors="0" timestamp="2023-03-01T17:37:19 IST" skipped="0">
  <testcase classname="com.strivemammoth.testcases.LoginPage_Testcase" name="Login" time="49.217"/>
  <system-out/>
</testsuite> <!-- com.strivemammoth.testcases.LoginPage_Testcase -->
