<?xml version="1.0" encoding="UTF-8"?>
<!-- Generated by org.testng.reporters.JUnitReportReporter -->
<testsuite hostname="Mukesh" failures="0" tests="1" name="com.strivemammoth.testcases.LoginPage_Testcase" time="48.622" errors="0" timestamp="2023-01-26T22:16:32 IST" skipped="0">
  <testcase classname="com.strivemammoth.testcases.LoginPage_Testcase" name="Login" time="48.622"/>
  <system-out/>
</testsuite> <!-- com.strivemammoth.testcases.LoginPage_Testcase -->
