<?xml version="1.0" encoding="UTF-8"?>
<!-- Generated by org.testng.reporters.JUnitReportReporter -->
<testsuite hostname="Mukesh" failures="0" tests="2" name="com.strivemammoth.testcases.ClientPage_TestCase" time="118.542" errors="0" timestamp="2023-01-05T11:43:25 IST" skipped="0">
  <testcase classname="com.strivemammoth.testcases.ClientPage_TestCase" name="SignIntoLoc" time="58.660"/>
  <system-out/>
  <testcase classname="com.strivemammoth.testcases.ClientPage_TestCase" name="SignIntoLoc" time="59.882"/>
  <system-out/>
</testsuite> <!-- com.strivemammoth.testcases.ClientPage_TestCase -->
