<?xml version="1.0" encoding="UTF-8"?>
<!-- Generated by org.testng.reporters.JUnitReportReporter -->
<testsuite hostname="Mukesh" failures="0" tests="1" name="com.strivemammoth.testcases.WashPage_TestCases" time="65.932" errors="0" timestamp="2023-03-01T17:37:19 IST" skipped="0">
  <testcase classname="com.strivemammoth.testcases.WashPage_TestCases" name="AddWash" time="65.932"/>
  <system-out/>
</testsuite> <!-- com.strivemammoth.testcases.WashPage_TestCases -->
