<?xml version="1.0" encoding="UTF-8"?>
<!-- Generated by org.testng.reporters.JUnitReportReporter -->
<testsuite hostname="Mukesh" failures="0" tests="1" name="com.strivemammoth.testcases.WashPage_TestCases" time="65.842" errors="0" timestamp="2023-01-23T21:24:55 IST" skipped="0">
  <testcase classname="com.strivemammoth.testcases.WashPage_TestCases" name="AddWash" time="65.842"/>
  <system-out/>
</testsuite> <!-- com.strivemammoth.testcases.WashPage_TestCases -->
