<?xml version="1.0" encoding="UTF-8"?>
<!-- Generated by org.testng.reporters.JUnitReportReporter -->
<testsuite hostname="Mukesh" failures="0" tests="1" name="com.strivemammoth.testcases.LoadExcel" time="0.009" errors="0" timestamp="2022-09-09T18:28:13 IST" skipped="0">
  <testcase classname="com.strivemammoth.testcases.LoadExcel" name="exceldataload" time="0.009"/>
  <system-out/>
</testsuite> <!-- com.strivemammoth.testcases.LoadExcel -->
