<?xml version="1.0" encoding="UTF-8"?>
<!-- Generated by org.testng.reporters.JUnitReportReporter -->
<testsuite hostname="Mukesh" failures="0" tests="1" name="com.strivemammoth.testcases.ClientSearch_TestCase" time="7.968" errors="0" timestamp="2023-02-02T12:26:03 IST" skipped="0">
  <testcase classname="com.strivemammoth.testcases.ClientSearch_TestCase" name="clientsearch" time="7.968"/>
  <system-out/>
</testsuite> <!-- com.strivemammoth.testcases.ClientSearch_TestCase -->
