<?xml version="1.0" encoding="UTF-8"?>
<!-- Generated by org.testng.reporters.JUnitReportReporter -->
<testsuite hostname="Mukesh" failures="0" tests="1" name="com.strivemammoth.dataprovider.ExcelRead" time="0.592" errors="0" timestamp="2022-09-08T06:43:02 IST" skipped="0">
  <testcase classname="com.strivemammoth.dataprovider.ExcelRead" name="readexcel" time="0.592"/>
  <system-out/>
</testsuite> <!-- com.strivemammoth.dataprovider.ExcelRead -->
